Build started 10/1/2016 11:28:49 AM.
     1>Project "C:\Users\Randall\Documents\Visual Studio 2010\Projects\red queens\red queens\red queens.vcxproj" on node 2 (build target(s)).
     1>InitializeBuildStatus:
         Creating "Debug\red queens.unsuccessfulbuild" because "AlwaysCreate" was specified.
       ClCompile:
         c:\Program Files (x86)\Microsoft Visual Studio 10.0\VC\bin\CL.exe /c /ZI /nologo /W3 /WX- /Od /Oy- /D WIN32 /D _DEBUG /D _CONSOLE /D _UNICODE /D UNICODE /Gm /EHsc /RTC1 /MDd /GS /fp:precise /Zc:wchar_t /Zc:forScope /Fo"Debug\\" /Fd"Debug\vc100.pdb" /Gd /TP /analyze- /errorReport:prompt "Red Queens.cpp"
         Red Queens.cpp
       ManifestResourceCompile:
         All outputs are up-to-date.
       Link:
         c:\Program Files (x86)\Microsoft Visual Studio 10.0\VC\bin\link.exe /ERRORREPORT:PROMPT /OUT:"C:\Users\Randall\Documents\Visual Studio 2010\Projects\red queens\Debug\red queens.exe" /INCREMENTAL /NOLOGO kernel32.lib user32.lib gdi32.lib winspool.lib comdlg32.lib advapi32.lib shell32.lib ole32.lib oleaut32.lib uuid.lib odbc32.lib odbccp32.lib /MANIFEST /ManifestFile:"Debug\red queens.exe.intermediate.manifest" /MANIFESTUAC:"level='asInvoker' uiAccess='false'" /DEBUG /PDB:"C:\Users\Randall\Documents\Visual Studio 2010\Projects\red queens\Debug\red queens.pdb" /SUBSYSTEM:CONSOLE /TLBID:1 /DYNAMICBASE /NXCOMPAT /IMPLIB:"C:\Users\Randall\Documents\Visual Studio 2010\Projects\red queens\Debug\red queens.lib" /MACHINE:X86 "Debug\red queens.exe.embed.manifest.res"
         Debug\board.obj
         "Debug\Red Queens.obj"
       Manifest:
         C:\Program Files (x86)\Microsoft SDKs\Windows\v7.0A\bin\mt.exe /nologo /verbose /out:"Debug\red queens.exe.embed.manifest" /manifest "Debug\red queens.exe.intermediate.manifest"
         All outputs are up-to-date.
       LinkEmbedManifest:
         All outputs are up-to-date.
         red queens.vcxproj -> C:\Users\Randall\Documents\Visual Studio 2010\Projects\red queens\Debug\red queens.exe
       FinalizeBuildStatus:
         Deleting file "Debug\red queens.unsuccessfulbuild".
         Touching "Debug\red queens.lastbuildstate".
     1>Done Building Project "C:\Users\Randall\Documents\Visual Studio 2010\Projects\red queens\red queens\red queens.vcxproj" (build target(s)).

Build succeeded.

Time Elapsed 00:00:15.21
